<?xml version="1.0" encoding="UTF-8"?>
<testsuite hostname="EPPLKRAW0119" name="tests.SimpleTest" tests="1" failures="1" timestamp="22 Feb 2015 13:56:42 GMT" time="0.031" errors="0">
  <testcase name="simpleTest" time="0.01" classname="tests.SimpleTest">
    <failure type="java.lang.AssertionError" message="The input was false">
      <![CDATA[java.lang.AssertionError: The input was false
	at tests.SimpleTest.simpleTest(SimpleTest.java:12)
	at core.Runner.main(Runner.java:42)
... Removed 24 stack frames]]>
    </failure>
  </testcase>
</testsuite>
