<?xml version="1.0" encoding="UTF-8"?>
<!-- Generated by org.testng.reporters.JUnitXMLReporter -->
<testsuite hostname="EPPLKRAW0119" name="Default test" tests="4" failures="0" timestamp="22 Feb 2015 17:06:57 GMT" time="0.038" errors="0">
  <testcase name="checkDivision" time="0.006" classname="tests.CalcTest"/>
  <testcase name="setInToMemory" time="0.001" classname="tests.CalcTest"/>
  <testcase name="checkDivisionWithInMemory" time="0.001" classname="tests.CalcTest"/>
  <testcase name="checkDivisionWithInMemoryValue" time="0.0" classname="tests.CalcTest"/>
</testsuite> <!-- Default test -->
