<?xml version="1.0" encoding="UTF-8"?>
<!-- Generated by org.testng.reporters.JUnitXMLReporter -->
<testsuite hostname="EPPLKRAW0119" tests="10" failures="0" timestamp="22 Feb 2015 11:58:37 GMT" time="0.062" errors="0">
  <testcase name="attamptTest" time="0.015" classname="TestForFactory"/>
  <testcase name="attamptTest" time="0.002" classname="TestForFactory"/>
  <testcase name="attamptTest" time="0.003" classname="TestForFactory"/>
  <testcase name="attamptTest" time="0.002" classname="TestForFactory"/>
  <testcase name="attamptTest" time="0.001" classname="TestForFactory"/>
  <testcase name="attamptTest" time="0.001" classname="TestForFactory"/>
  <testcase name="attamptTest" time="0.001" classname="TestForFactory"/>
  <testcase name="attamptTest" time="0.001" classname="TestForFactory"/>
  <testcase name="attamptTest" time="0.001" classname="TestForFactory"/>
  <testcase name="attamptTest" time="0.003" classname="TestForFactory"/>
</testsuite>
