<?xml version="1.0" encoding="UTF-8"?>
<testng-results skipped="0" failed="0" total="10" passed="10">
  <reporter-output>
  </reporter-output>
  <suite name="Default suite" duration-ms="62" started-at="2015-02-22T11:58:37Z" finished-at="2015-02-22T11:58:37Z">
    <groups>
    </groups>
    <test name="Default test" duration-ms="62" started-at="2015-02-22T11:58:37Z" finished-at="2015-02-22T11:58:37Z">
      <class name="TestForFactory">
        <test-method status="PASS" signature="attamptTest()[pri:0, instance:TestForFactory@11531931]" name="attamptTest" duration-ms="15" started-at="2015-02-22T12:58:37Z" description="Show Attempt" finished-at="2015-02-22T12:58:37Z">
          <reporter-output>
          </reporter-output>
        </test-method> <!-- attamptTest -->
        <test-method status="PASS" signature="attamptTest()[pri:0, instance:TestForFactory@1fbc7afb]" name="attamptTest" duration-ms="2" started-at="2015-02-22T12:58:37Z" description="Show Attempt" finished-at="2015-02-22T12:58:37Z">
          <reporter-output>
          </reporter-output>
        </test-method> <!-- attamptTest -->
        <test-method status="PASS" signature="attamptTest()[pri:0, instance:TestForFactory@45c8e616]" name="attamptTest" duration-ms="3" started-at="2015-02-22T12:58:37Z" description="Show Attempt" finished-at="2015-02-22T12:58:37Z">
          <reporter-output>
          </reporter-output>
        </test-method> <!-- attamptTest -->
        <test-method status="PASS" signature="attamptTest()[pri:0, instance:TestForFactory@4cdbe50f]" name="attamptTest" duration-ms="2" started-at="2015-02-22T12:58:37Z" description="Show Attempt" finished-at="2015-02-22T12:58:37Z">
          <reporter-output>
          </reporter-output>
        </test-method> <!-- attamptTest -->
        <test-method status="PASS" signature="attamptTest()[pri:0, instance:TestForFactory@5ba23b66]" name="attamptTest" duration-ms="1" started-at="2015-02-22T12:58:37Z" description="Show Attempt" finished-at="2015-02-22T12:58:37Z">
          <reporter-output>
          </reporter-output>
        </test-method> <!-- attamptTest -->
        <test-method status="PASS" signature="attamptTest()[pri:0, instance:TestForFactory@5e025e70]" name="attamptTest" duration-ms="1" started-at="2015-02-22T12:58:37Z" description="Show Attempt" finished-at="2015-02-22T12:58:37Z">
          <reporter-output>
          </reporter-output>
        </test-method> <!-- attamptTest -->
        <test-method status="PASS" signature="attamptTest()[pri:0, instance:TestForFactory@66d33a]" name="attamptTest" duration-ms="1" started-at="2015-02-22T12:58:37Z" description="Show Attempt" finished-at="2015-02-22T12:58:37Z">
          <reporter-output>
          </reporter-output>
        </test-method> <!-- attamptTest -->
        <test-method status="PASS" signature="attamptTest()[pri:0, instance:TestForFactory@6debcae2]" name="attamptTest" duration-ms="1" started-at="2015-02-22T12:58:37Z" description="Show Attempt" finished-at="2015-02-22T12:58:37Z">
          <reporter-output>
          </reporter-output>
        </test-method> <!-- attamptTest -->
        <test-method status="PASS" signature="attamptTest()[pri:0, instance:TestForFactory@7cf10a6f]" name="attamptTest" duration-ms="1" started-at="2015-02-22T12:58:37Z" description="Show Attempt" finished-at="2015-02-22T12:58:37Z">
          <reporter-output>
          </reporter-output>
        </test-method> <!-- attamptTest -->
        <test-method status="PASS" signature="attamptTest()[pri:0, instance:TestForFactory@7e0babb1]" name="attamptTest" duration-ms="3" started-at="2015-02-22T12:58:37Z" description="Show Attempt" finished-at="2015-02-22T12:58:37Z">
          <reporter-output>
          </reporter-output>
        </test-method> <!-- attamptTest -->
      </class> <!-- TestForFactory -->
    </test> <!-- Default test -->
  </suite> <!-- Default suite -->
</testng-results>
