<?xml version="1.0" encoding="UTF-8"?>
<testng-results skipped="0" failed="0" total="4" passed="4">
  <reporter-output>
  </reporter-output>
  <suite name="Default suite" duration-ms="38" started-at="2015-02-22T17:06:57Z" finished-at="2015-02-22T17:06:57Z">
    <groups>
    </groups>
    <test name="Default test" duration-ms="38" started-at="2015-02-22T17:06:57Z" finished-at="2015-02-22T17:06:57Z">
      <class name="tests.CalcTest">
        <test-method status="PASS" signature="initCalculator()[pri:0, instance:tests.CalcTest@725bef66]" name="initCalculator" is-config="true" duration-ms="13" started-at="2015-02-22T18:06:57Z" description="Initialazing" finished-at="2015-02-22T18:06:57Z">
          <reporter-output>
          </reporter-output>
        </test-method> <!-- initCalculator -->
        <test-method status="PASS" signature="checkDivision()[pri:0, instance:tests.CalcTest@725bef66]" name="checkDivision" duration-ms="6" started-at="2015-02-22T18:06:57Z" description="Division simple check" finished-at="2015-02-22T18:06:57Z">
          <reporter-output>
          </reporter-output>
        </test-method> <!-- checkDivision -->
        <test-method status="PASS" signature="setInToMemory()[pri:0, instance:tests.CalcTest@725bef66]" name="setInToMemory" duration-ms="1" started-at="2015-02-22T18:06:57Z" description="Save to memory" finished-at="2015-02-22T18:06:57Z">
          <reporter-output>
          </reporter-output>
        </test-method> <!-- setInToMemory -->
        <test-method status="PASS" signature="checkDivisionWithInMemory()[pri:0, instance:tests.CalcTest@725bef66]" name="checkDivisionWithInMemory" duration-ms="1" started-at="2015-02-22T18:06:57Z" description="Check division with &quot;In Memory&quot;" depends-on-methods="tests.CalcTest.setInToMemory" finished-at="2015-02-22T18:06:57Z">
          <reporter-output>
          </reporter-output>
        </test-method> <!-- checkDivisionWithInMemory -->
        <test-method status="PASS" signature="checkDivisionWithInMemoryValue()[pri:0, instance:tests.CalcTest@725bef66]" name="checkDivisionWithInMemoryValue" duration-ms="0" started-at="2015-02-22T18:06:57Z" description="Check division stored in memory value" depends-on-methods="tests.CalcTest.setInToMemory" finished-at="2015-02-22T18:06:57Z">
          <reporter-output>
          </reporter-output>
        </test-method> <!-- checkDivisionWithInMemoryValue -->
        <test-method status="PASS" signature="cleaner()[pri:0, instance:tests.CalcTest@725bef66]" name="cleaner" is-config="true" duration-ms="0" started-at="2015-02-22T18:06:57Z" description="Cleaning Memory" finished-at="2015-02-22T18:06:57Z">
          <reporter-output>
          </reporter-output>
        </test-method> <!-- cleaner -->
      </class> <!-- tests.CalcTest -->
    </test> <!-- Default test -->
  </suite> <!-- Default suite -->
</testng-results>
